dmart/build/intermediates/manifest_merge_blame_file/release/manifest-merger-blame-release-report.txt
1<?xml version="1.0" encoding="utf-8"?>
2<manifest xmlns:android="http://schemas.android.com/apk/res/android"
3    package="kr.co.dmart"
4    android:versionCode="86"
5    android:versionName="2.9.9.9.88" >
6
7    <uses-sdk
8        android:minSdkVersion="14"
8-->src/main/AndroidManifest.xml
9        android:targetSdkVersion="30" />
9-->src/main/AndroidManifest.xml
10
11    <!--
12        <uses-sdk
13        android:minSdkVersion="14"
14        android:targetSdkVersion="29" />
15    -->
16    <!-- <category android:name="android.intent.category.BROWSABLE" /> -->
17    <!-- GCM 관련 퍼미션 -->
18    <!--
19  <permission android:name="kr.co.dmart.permission.C2D_MESSAGE" android:protectionLevel="signature" />
20  <uses-permission android:name="kr.co.dmart.permission.C2D_MESSAGE" />
21  <uses-permission android:name="com.google.android.c2dm.permission.RECEIVE" />
22    -->
23    <uses-permission android:name="android.permission.INTERNET" />
23-->src/main/AndroidManifest.xml:16:3-65
23-->src/main/AndroidManifest.xml:16:20-62
24    <uses-permission android:name="android.permission.ACCESS_NETWORK_STATE" />
24-->src/main/AndroidManifest.xml:17:3-77
24-->src/main/AndroidManifest.xml:17:20-74
25    <uses-permission
25-->src/main/AndroidManifest.xml:18:3-100
26        android:name="android.permission.READ_PHONE_STATE"
26-->src/main/AndroidManifest.xml:18:20-70
27        android:maxSdkVersion="29" />
27-->src/main/AndroidManifest.xml:18:71-97
28    <uses-permission android:name="android.permission.GET_ACCOUNTS" />
28-->src/main/AndroidManifest.xml:19:3-69
28-->src/main/AndroidManifest.xml:19:20-66
29    <uses-permission android:name="android.permission.WAKE_LOCK" />
29-->src/main/AndroidManifest.xml:20:3-66
29-->src/main/AndroidManifest.xml:20:20-63
30    <uses-permission android:name="android.permission.GET_TASKS" />
30-->src/main/AndroidManifest.xml:21:3-66
30-->src/main/AndroidManifest.xml:21:20-63
31    <uses-permission android:name="android.permission.VIBRATE" />
31-->src/main/AndroidManifest.xml:22:3-63
31-->src/main/AndroidManifest.xml:22:20-61
32    <uses-permission android:name="android.permission.ACCESS_FINE_LOCATION" />
32-->src/main/AndroidManifest.xml:23:3-77
32-->src/main/AndroidManifest.xml:23:20-74
33    <uses-permission android:name="android.permission.ACCESS_COARSE_LOCATION" />
33-->src/main/AndroidManifest.xml:24:3-78
33-->src/main/AndroidManifest.xml:24:20-76
34    <uses-permission android:name="android.permission.CAMERA" />
34-->src/main/AndroidManifest.xml:25:3-62
34-->src/main/AndroidManifest.xml:25:20-60
35    <uses-permission android:name="android.permission.FLASHLIGHT" />
35-->src/main/AndroidManifest.xml:26:3-66
35-->src/main/AndroidManifest.xml:26:20-64
36    <uses-permission android:name="android.permission.WRITE_EXTERNAL_STORAGE" />
36-->src/main/AndroidManifest.xml:27:3-78
36-->src/main/AndroidManifest.xml:27:20-76
37    <uses-permission android:name="android.permission.USE_FULL_SCREEN_INTENT" />
37-->src/main/AndroidManifest.xml:28:3-78
37-->src/main/AndroidManifest.xml:28:20-76
38    <uses-permission android:name="android.permission.READ_PHONE_NUMBERS" />
38-->src/main/AndroidManifest.xml:29:3-75
38-->src/main/AndroidManifest.xml:29:20-72
39    <uses-permission android:name="com.google.android.finsky.permission.BIND_GET_INSTALL_REFERRER_SERVICE" /> <!-- Required by older versions of Google Play services to create IID tokens -->
39-->[com.google.firebase:firebase-analytics:16.3.0] AndroidManifest.xml:26:5-110
39-->[com.google.firebase:firebase-analytics:16.3.0] AndroidManifest.xml:26:22-107
40    <uses-permission android:name="com.google.android.c2dm.permission.RECEIVE" /> <!-- Don't require camera, as this requires a rear camera. This allows it to work on the Nexus 7 -->
40-->[com.google.firebase:firebase-iid:17.0.4] AndroidManifest.xml:26:5-82
40-->[com.google.firebase:firebase-iid:17.0.4] AndroidManifest.xml:26:22-79
41    <uses-feature
41-->[com.journeyapps:zxing-android-embedded:3.6.0] AndroidManifest.xml:25:5-27:36
42        android:name="android.hardware.camera"
42-->[com.journeyapps:zxing-android-embedded:3.6.0] AndroidManifest.xml:26:9-47
43        android:required="false" />
43-->[com.journeyapps:zxing-android-embedded:3.6.0] AndroidManifest.xml:27:9-33
44    <uses-feature
44-->[com.journeyapps:zxing-android-embedded:3.6.0] AndroidManifest.xml:28:5-30:36
45        android:name="android.hardware.camera.front"
45-->[com.journeyapps:zxing-android-embedded:3.6.0] AndroidManifest.xml:29:9-53
46        android:required="false" /> <!-- TODO replace above two with next line after Android 4.2 -->
46-->[com.journeyapps:zxing-android-embedded:3.6.0] AndroidManifest.xml:30:9-33
47    <!-- <uses-feature android:name="android.hardware.camera.any"/> -->
48    <uses-feature
48-->[com.journeyapps:zxing-android-embedded:3.6.0] AndroidManifest.xml:33:5-35:36
49        android:name="android.hardware.camera.autofocus"
49-->[com.journeyapps:zxing-android-embedded:3.6.0] AndroidManifest.xml:34:9-57
50        android:required="false" />
50-->[com.journeyapps:zxing-android-embedded:3.6.0] AndroidManifest.xml:35:9-33
51    <uses-feature
51-->[com.journeyapps:zxing-android-embedded:3.6.0] AndroidManifest.xml:36:5-38:36
52        android:name="android.hardware.camera.flash"
52-->[com.journeyapps:zxing-android-embedded:3.6.0] AndroidManifest.xml:37:9-53
53        android:required="false" />
53-->[com.journeyapps:zxing-android-embedded:3.6.0] AndroidManifest.xml:38:9-33
54    <uses-feature
54-->[com.journeyapps:zxing-android-embedded:3.6.0] AndroidManifest.xml:39:5-41:36
55        android:name="android.hardware.screen.landscape"
55-->[com.journeyapps:zxing-android-embedded:3.6.0] AndroidManifest.xml:40:9-57
56        android:required="false" />
56-->[com.journeyapps:zxing-android-embedded:3.6.0] AndroidManifest.xml:41:9-33
57    <uses-feature
57-->[com.journeyapps:zxing-android-embedded:3.6.0] AndroidManifest.xml:42:5-44:36
58        android:name="android.hardware.wifi"
58-->[com.journeyapps:zxing-android-embedded:3.6.0] AndroidManifest.xml:43:9-45
59        android:required="false" />
59-->[com.journeyapps:zxing-android-embedded:3.6.0] AndroidManifest.xml:44:9-33
60
61    <application
61-->src/main/AndroidManifest.xml:32:5-178:19
62        android:allowBackup="true"
62-->src/main/AndroidManifest.xml:34:9-35
63        android:hardwareAccelerated="true"
63-->src/main/AndroidManifest.xml:33:9-43
64        android:icon="@drawable/ic_launcher"
64-->src/main/AndroidManifest.xml:35:9-45
65        android:label="로마켓"
65-->src/main/AndroidManifest.xml:36:9-28
66        android:theme="@style/AppTheme"
66-->src/main/AndroidManifest.xml:38:9-40
67        android:usesCleartextTraffic="true" >
67-->src/main/AndroidManifest.xml:37:3-38
68        <activity
68-->src/main/AndroidManifest.xml:39:9-56:20
69            android:name="kr.co.dmart.MainActivity"
69-->src/main/AndroidManifest.xml:40:13-52
70            android:label="로마켓"
70-->src/main/AndroidManifest.xml:41:13-32
71            android:screenOrientation="portrait"
71-->src/main/AndroidManifest.xml:42:13-49
72            android:windowSoftInputMode="adjustResize" >
72-->src/main/AndroidManifest.xml:43:13-55
73            <intent-filter>
73-->src/main/AndroidManifest.xml:45:13-48:29
74                <action android:name="android.intent.action.MAIN" />
74-->src/main/AndroidManifest.xml:46:17-69
74-->src/main/AndroidManifest.xml:46:25-66
75
76                <category android:name="android.intent.category.LAUNCHER" />
76-->src/main/AndroidManifest.xml:47:17-77
76-->src/main/AndroidManifest.xml:47:27-74
77            </intent-filter>
78            <!-- 2020-11-11 -->
79            <intent-filter>
79-->src/main/AndroidManifest.xml:50:13-55:29
80                <action android:name="android.intent.action.VIEW" />
80-->src/main/AndroidManifest.xml:51:17-69
80-->src/main/AndroidManifest.xml:51:25-66
81
82                <category android:name="android.intent.category.DEFAULT" />
82-->src/main/AndroidManifest.xml:52:17-75
82-->src/main/AndroidManifest.xml:52:27-73
83                <category android:name="android.intent.category.BROWSABLE" />
83-->src/main/AndroidManifest.xml:53:17-78
83-->src/main/AndroidManifest.xml:53:27-75
84
85                <data
85-->src/main/AndroidManifest.xml:54:17-75
86                    android:host="romarket"
86-->src/main/AndroidManifest.xml:54:23-46
87                    android:scheme="romarket" />
87-->src/main/AndroidManifest.xml:54:47-72
88            </intent-filter>
89        </activity>
90        <activity
90-->src/main/AndroidManifest.xml:57:9-66:20
91            android:name="kr.co.dmart.PushPopup"
91-->src/main/AndroidManifest.xml:58:13-38
92            android:theme="@android:style/Theme.Translucent.NoTitleBar.Fullscreen" >
92-->src/main/AndroidManifest.xml:59:13-83
93            <intent-filter>
93-->src/main/AndroidManifest.xml:61:13-64:29
94                <action android:name="kr.co.dmart.pushpopup" />
94-->src/main/AndroidManifest.xml:62:14-61
94-->src/main/AndroidManifest.xml:62:22-58
95
96                <category android:name="android.intent.category.DEFAULT" />
96-->src/main/AndroidManifest.xml:52:17-75
96-->src/main/AndroidManifest.xml:52:27-73
97            </intent-filter>
98        </activity>
99        <activity
99-->src/main/AndroidManifest.xml:68:9-76:20
100            android:name="kr.co.dmart.ImgPopup"
100-->src/main/AndroidManifest.xml:69:13-37
101            android:theme="@android:style/Theme.Translucent.NoTitleBar.Fullscreen" >
101-->src/main/AndroidManifest.xml:70:13-83
102            <intent-filter>
102-->src/main/AndroidManifest.xml:72:13-75:29
103                <action android:name="kr.co.dmart.ImgPopup" />
103-->src/main/AndroidManifest.xml:73:14-60
103-->src/main/AndroidManifest.xml:73:22-57
104
105                <category android:name="android.intent.category.DEFAULT" />
105-->src/main/AndroidManifest.xml:52:17-75
105-->src/main/AndroidManifest.xml:52:27-73
106            </intent-filter>
107        </activity>
108        <activity
108-->src/main/AndroidManifest.xml:78:9-84:20
109            android:name="kr.co.dmart.cart_activity"
109-->src/main/AndroidManifest.xml:79:4-33
110            android:screenOrientation="unspecified"
110-->src/main/AndroidManifest.xml:80:13-52
111            android:theme="@android:style/Theme.Translucent.NoTitleBar.Fullscreen"
111-->src/main/AndroidManifest.xml:81:13-83
112            android:windowSoftInputMode="adjustResize" >
112-->src/main/AndroidManifest.xml:82:13-55
113        </activity>
114        <activity
114-->src/main/AndroidManifest.xml:86:9-92:20
115            android:name="kr.co.dmart.goods_activity"
115-->src/main/AndroidManifest.xml:87:4-34
116            android:screenOrientation="unspecified"
116-->src/main/AndroidManifest.xml:88:13-52
117            android:theme="@android:style/Theme.Translucent.NoTitleBar.Fullscreen"
117-->src/main/AndroidManifest.xml:89:13-83
118            android:windowSoftInputMode="adjustResize" >
118-->src/main/AndroidManifest.xml:90:13-55
119        </activity>
120        <activity
120-->src/main/AndroidManifest.xml:94:9-100:20
121            android:name="kr.co.dmart.Mypage_activity"
121-->src/main/AndroidManifest.xml:95:4-35
122            android:screenOrientation="unspecified"
122-->src/main/AndroidManifest.xml:96:13-52
123            android:theme="@android:style/Theme.Translucent.NoTitleBar.Fullscreen"
123-->src/main/AndroidManifest.xml:97:13-83
124            android:windowSoftInputMode="adjustResize" >
124-->src/main/AndroidManifest.xml:98:13-55
125        </activity>
126        <activity
126-->src/main/AndroidManifest.xml:102:9-108:20
127            android:name="kr.co.dmart.etc_activity"
127-->src/main/AndroidManifest.xml:103:4-32
128            android:screenOrientation="unspecified"
128-->src/main/AndroidManifest.xml:104:13-52
129            android:theme="@android:style/Theme.Translucent.NoTitleBar.Fullscreen"
129-->src/main/AndroidManifest.xml:105:13-83
130            android:windowSoftInputMode="adjustResize" >
130-->src/main/AndroidManifest.xml:106:13-55
131        </activity>
132        <activity
132-->src/main/AndroidManifest.xml:110:9-116:20
133            android:name="kr.co.dmart.etc_sub_activity"
133-->src/main/AndroidManifest.xml:111:4-36
134            android:screenOrientation="unspecified"
134-->src/main/AndroidManifest.xml:112:13-52
135            android:theme="@android:style/Theme.Translucent.NoTitleBar.Fullscreen"
135-->src/main/AndroidManifest.xml:113:13-83
136            android:windowSoftInputMode="adjustResize" >
136-->src/main/AndroidManifest.xml:114:13-55
137        </activity>
138        <activity
138-->src/main/AndroidManifest.xml:118:9-124:20
139            android:name="kr.co.dmart.ZoomImg_activity"
139-->src/main/AndroidManifest.xml:119:4-36
140            android:configChanges="orientation|keyboardHidden"
140-->src/main/AndroidManifest.xml:121:13-63
141            android:screenOrientation="unspecified"
141-->src/main/AndroidManifest.xml:120:13-52
142            android:theme="@android:style/Theme.Translucent.NoTitleBar.Fullscreen" >
142-->src/main/AndroidManifest.xml:122:13-83
143        </activity>
144        <activity
144-->src/main/AndroidManifest.xml:126:9-131:11
145            android:name="kr.co.dmart.SplashActivity"
145-->src/main/AndroidManifest.xml:127:8-38
146            android:configChanges="orientation|keyboardHidden"
146-->src/main/AndroidManifest.xml:129:8-58
147            android:screenOrientation="unspecified"
147-->src/main/AndroidManifest.xml:128:8-47
148            android:theme="@android:style/Theme.NoTitleBar.Fullscreen" />
148-->src/main/AndroidManifest.xml:130:8-66
149        <activity
149-->src/main/AndroidManifest.xml:133:10-143:17
150            android:name="kr.co.dmart.CaptureActivity"
150-->src/main/AndroidManifest.xml:134:9-40
151            android:configChanges="orientation|keyboardHidden"
151-->src/main/AndroidManifest.xml:135:9-59
152            android:screenOrientation="landscape"
152-->src/main/AndroidManifest.xml:136:9-46
153            android:theme="@android:style/Theme.NoTitleBar.Fullscreen"
153-->src/main/AndroidManifest.xml:137:9-67
154            android:windowSoftInputMode="stateAlwaysHidden" >
154-->src/main/AndroidManifest.xml:138:9-56
155            <intent-filter>
155-->src/main/AndroidManifest.xml:139:9-142:25
156                <action android:name="com.google.zxing.client.android.SCAN" />
156-->src/main/AndroidManifest.xml:140:13-75
156-->src/main/AndroidManifest.xml:140:21-72
157
158                <category android:name="android.intent.category.DEFAULT" />
158-->src/main/AndroidManifest.xml:52:17-75
158-->src/main/AndroidManifest.xml:52:27-73
159            </intent-filter>
160        </activity>
161
162        <!-- FCM 메시지 수신 서비스 -->
163        <service android:name="kr.co.dmart.FCMService" >
163-->src/main/AndroidManifest.xml:146:5-150:15
163-->src/main/AndroidManifest.xml:146:14-40
164            <intent-filter>
164-->src/main/AndroidManifest.xml:147:7-149:23
165                <action android:name="com.google.firebase.MESSAGING_EVENT" />
165-->src/main/AndroidManifest.xml:148:11-72
165-->src/main/AndroidManifest.xml:148:19-69
166            </intent-filter>
167        </service>
168        <!-- FCM ID 수신 서비스 -->
169        <service android:name="kr.co.dmart.GoBackgroundService" />
169-->src/main/AndroidManifest.xml:152:9-55
169-->src/main/AndroidManifest.xml:152:18-53
170        <!-- FCM token 생성을 위해서 필요한 것 같습니다. -->
171        <receiver
171-->src/main/AndroidManifest.xml:154:5-161:17
172            android:name="com.google.firebase.iid.FirebaseInstanceIdReceiver"
172-->src/main/AndroidManifest.xml:154:15-80
173            android:exported="true"
173-->src/main/AndroidManifest.xml:154:81-104
174            android:permission="com.google.android.c2dm.permission.SEND" >
174-->src/main/AndroidManifest.xml:155:7-67
175            <intent-filter>
175-->src/main/AndroidManifest.xml:156:13-160:29
176                <action android:name="com.google.android.c2dm.intent.RECEIVE" />
176-->src/main/AndroidManifest.xml:157:17-80
176-->src/main/AndroidManifest.xml:157:25-78
177                <action android:name="com.google.android.c2dm.intent.REGISTRATION" />
177-->src/main/AndroidManifest.xml:158:17-85
177-->src/main/AndroidManifest.xml:158:25-83
178
179                <category android:name="com.testfcm" />
179-->src/main/AndroidManifest.xml:159:17-55
179-->src/main/AndroidManifest.xml:159:27-53
180            </intent-filter>
181            <intent-filter>
181-->[com.google.firebase:firebase-iid:17.0.4] AndroidManifest.xml:41:13-43:29
182                <action android:name="com.google.android.c2dm.intent.RECEIVE" />
182-->src/main/AndroidManifest.xml:157:17-80
182-->src/main/AndroidManifest.xml:157:25-78
183            </intent-filter>
184        </receiver>
185
186        <provider
186-->src/main/AndroidManifest.xml:163:5-167:36
187            android:name="com.google.firebase.provider.FirebaseInitProvider"
187-->src/main/AndroidManifest.xml:165:10-74
188            android:authorities="kr.co.dmart.firebaseinitprovider"
188-->src/main/AndroidManifest.xml:164:10-64
189            android:exported="false"
189-->src/main/AndroidManifest.xml:166:10-34
190            android:initOrder="100" />
190-->src/main/AndroidManifest.xml:167:10-33
191
192        <meta-data
192-->src/main/AndroidManifest.xml:169:5-171:69
193            android:name="com.google.android.gms.version"
193-->src/main/AndroidManifest.xml:170:13-58
194            android:value="@integer/google_play_services_version" />
194-->src/main/AndroidManifest.xml:171:13-66
195
196        <service
196-->src/main/AndroidManifest.xml:173:9-176:38
197            android:name="kr.co.dmart.FcmNotificationService"
197-->src/main/AndroidManifest.xml:174:13-51
198            android:exported="true"
198-->src/main/AndroidManifest.xml:176:13-36
199            android:permission="android.permission.BIND_JOB_SERVICE" />
199-->src/main/AndroidManifest.xml:175:13-69
200
201        <meta-data
201-->[com.android.support:appcompat-v7:26.0.1] AndroidManifest.xml:26:9-28:38
202            android:name="android.support.VERSION"
202-->[com.android.support:appcompat-v7:26.0.1] AndroidManifest.xml:27:13-51
203            android:value="26.0.1" />
203-->[com.android.support:appcompat-v7:26.0.1] AndroidManifest.xml:28:13-35
204        <!--
205             FirebaseMessagingService performs security checks at runtime,
206             no need for explicit permissions despite exported="true"
207        -->
208        <service
208-->[com.google.firebase:firebase-messaging:17.3.4] AndroidManifest.xml:28:9-34:19
209            android:name="com.google.firebase.messaging.FirebaseMessagingService"
209-->[com.google.firebase:firebase-messaging:17.3.4] AndroidManifest.xml:29:13-82
210            android:exported="true" >
210-->[com.google.firebase:firebase-messaging:17.3.4] AndroidManifest.xml:30:13-36
211            <intent-filter android:priority="-500" >
211-->src/main/AndroidManifest.xml:147:7-149:23
212                <action android:name="com.google.firebase.MESSAGING_EVENT" />
212-->src/main/AndroidManifest.xml:148:11-72
212-->src/main/AndroidManifest.xml:148:19-69
213            </intent-filter>
214        </service>
215        <service
215-->[com.google.firebase:firebase-measurement-connector-impl:17.0.5] AndroidManifest.xml:27:9-31:19
216            android:name="com.google.firebase.components.ComponentDiscoveryService"
216-->[com.google.firebase:firebase-measurement-connector-impl:17.0.5] AndroidManifest.xml:27:18-89
217            android:exported="false" >
217-->[com.google.firebase:firebase-iid:17.0.4] AndroidManifest.xml:31:13-37
218            <meta-data
218-->[com.google.firebase:firebase-measurement-connector-impl:17.0.5] AndroidManifest.xml:28:13-30:85
219                android:name="com.google.firebase.components:com.google.firebase.analytics.connector.internal.AnalyticsConnectorRegistrar"
219-->[com.google.firebase:firebase-measurement-connector-impl:17.0.5] AndroidManifest.xml:29:17-139
220                android:value="com.google.firebase.components.ComponentRegistrar" />
220-->[com.google.firebase:firebase-measurement-connector-impl:17.0.5] AndroidManifest.xml:30:17-82
221            <meta-data
221-->[com.google.firebase:firebase-iid:17.0.4] AndroidManifest.xml:32:13-34:85
222                android:name="com.google.firebase.components:com.google.firebase.iid.Registrar"
222-->[com.google.firebase:firebase-iid:17.0.4] AndroidManifest.xml:33:17-96
223                android:value="com.google.firebase.components.ComponentRegistrar" />
223-->[com.google.firebase:firebase-iid:17.0.4] AndroidManifest.xml:34:17-82
224        </service>
225
226        <receiver
226-->[com.google.firebase:firebase-analytics:16.3.0] AndroidManifest.xml:29:9-33:20
227            android:name="com.google.android.gms.measurement.AppMeasurementReceiver"
227-->[com.google.firebase:firebase-analytics:16.3.0] AndroidManifest.xml:30:13-85
228            android:enabled="true"
228-->[com.google.firebase:firebase-analytics:16.3.0] AndroidManifest.xml:31:13-35
229            android:exported="false" >
229-->[com.google.firebase:firebase-analytics:16.3.0] AndroidManifest.xml:32:13-37
230        </receiver>
231        <receiver
231-->[com.google.firebase:firebase-analytics:16.3.0] AndroidManifest.xml:34:9-42:20
232            android:name="com.google.android.gms.measurement.AppMeasurementInstallReferrerReceiver"
232-->[com.google.firebase:firebase-analytics:16.3.0] AndroidManifest.xml:35:13-100
233            android:enabled="true"
233-->[com.google.firebase:firebase-analytics:16.3.0] AndroidManifest.xml:36:13-35
234            android:exported="true"
234-->[com.google.firebase:firebase-analytics:16.3.0] AndroidManifest.xml:37:13-36
235            android:permission="android.permission.INSTALL_PACKAGES" >
235-->[com.google.firebase:firebase-analytics:16.3.0] AndroidManifest.xml:38:13-69
236            <intent-filter>
236-->[com.google.firebase:firebase-analytics:16.3.0] AndroidManifest.xml:39:13-41:29
237                <action android:name="com.android.vending.INSTALL_REFERRER" />
237-->[com.google.firebase:firebase-analytics:16.3.0] AndroidManifest.xml:40:17-79
237-->[com.google.firebase:firebase-analytics:16.3.0] AndroidManifest.xml:40:25-76
238            </intent-filter>
239        </receiver>
240
241        <service
241-->[com.google.firebase:firebase-analytics:16.3.0] AndroidManifest.xml:44:9-47:40
242            android:name="com.google.android.gms.measurement.AppMeasurementService"
242-->[com.google.firebase:firebase-analytics:16.3.0] AndroidManifest.xml:45:13-84
243            android:enabled="true"
243-->[com.google.firebase:firebase-analytics:16.3.0] AndroidManifest.xml:46:13-35
244            android:exported="false" />
244-->[com.google.firebase:firebase-analytics:16.3.0] AndroidManifest.xml:47:13-37
245        <service
245-->[com.google.firebase:firebase-analytics:16.3.0] AndroidManifest.xml:48:9-52:72
246            android:name="com.google.android.gms.measurement.AppMeasurementJobService"
246-->[com.google.firebase:firebase-analytics:16.3.0] AndroidManifest.xml:49:13-87
247            android:enabled="true"
247-->[com.google.firebase:firebase-analytics:16.3.0] AndroidManifest.xml:50:13-35
248            android:exported="false"
248-->[com.google.firebase:firebase-analytics:16.3.0] AndroidManifest.xml:51:13-37
249            android:permission="android.permission.BIND_JOB_SERVICE" />
249-->[com.google.firebase:firebase-analytics:16.3.0] AndroidManifest.xml:52:13-69
250        <!--
251             FirebaseInstanceIdService performs security checks at runtime,
252             no need for explicit permissions despite exported="true"
253        -->
254        <service
254-->[com.google.firebase:firebase-iid:17.0.4] AndroidManifest.xml:50:9-56:19
255            android:name="com.google.firebase.iid.FirebaseInstanceIdService"
255-->[com.google.firebase:firebase-iid:17.0.4] AndroidManifest.xml:51:13-77
256            android:exported="true" >
256-->[com.google.firebase:firebase-iid:17.0.4] AndroidManifest.xml:52:13-36
257            <intent-filter android:priority="-500" >
257-->[com.google.firebase:firebase-iid:17.0.4] AndroidManifest.xml:53:13-55:29
257-->[com.google.firebase:firebase-iid:17.0.4] AndroidManifest.xml:53:28-51
258                <action android:name="com.google.firebase.INSTANCE_ID_EVENT" />
258-->[com.google.firebase:firebase-iid:17.0.4] AndroidManifest.xml:54:17-80
258-->[com.google.firebase:firebase-iid:17.0.4] AndroidManifest.xml:54:25-77
259            </intent-filter>
260        </service>
261
262        <activity
262-->[com.google.android.gms:play-services-base:16.0.1] AndroidManifest.xml:23:9-26:75
263            android:name="com.google.android.gms.common.api.GoogleApiActivity"
263-->[com.google.android.gms:play-services-base:16.0.1] AndroidManifest.xml:24:13-79
264            android:exported="false"
264-->[com.google.android.gms:play-services-base:16.0.1] AndroidManifest.xml:25:13-37
265            android:theme="@android:style/Theme.Translucent.NoTitleBar" />
265-->[com.google.android.gms:play-services-base:16.0.1] AndroidManifest.xml:26:13-72
266        <activity
266-->[com.journeyapps:zxing-android-embedded:3.6.0] AndroidManifest.xml:47:9-53:63
267            android:name="com.journeyapps.barcodescanner.CaptureActivity"
267-->[com.journeyapps:zxing-android-embedded:3.6.0] AndroidManifest.xml:48:13-74
268            android:clearTaskOnLaunch="true"
268-->[com.journeyapps:zxing-android-embedded:3.6.0] AndroidManifest.xml:49:13-45
269            android:screenOrientation="sensorLandscape"
269-->[com.journeyapps:zxing-android-embedded:3.6.0] AndroidManifest.xml:50:13-56
270            android:stateNotNeeded="true"
270-->[com.journeyapps:zxing-android-embedded:3.6.0] AndroidManifest.xml:51:13-42
271            android:theme="@style/zxing_CaptureTheme"
271-->[com.journeyapps:zxing-android-embedded:3.6.0] AndroidManifest.xml:52:13-54
272            android:windowSoftInputMode="stateAlwaysHidden" />
272-->[com.journeyapps:zxing-android-embedded:3.6.0] AndroidManifest.xml:53:13-60
273    </application>
274
275</manifest>